SIMLOG:: Cycle           4 PC: 0000zzzz I: 0000zzzz R: 0   0 00000000 M: 0 0 00000000 00000000
SIMLOG:: Cycle           5 PC: 0000zzzz I: 0000zzzz R: 0   0 00000000 M: 0 0 00000000 00000000
SIMLOG:: Cycle           6 PC: 0000zzzz I: 0000zzzz R: 0   0 00000000 M: 0 0 00000000 00000000
SIMLOG:: Cycle           7 PC: 0000zzzz I: 0000zzzz R: 0   0 00000000 M: 0 0 00000000 00000000
SIMLOG:: Cycle           8 PC: 0000zzzz I: 0000zzzz R: 1   0 00000000 M: 0 0 00000000 00000000
SIMLOG:: Cycle           9 PC: 0000zzzz I: 0000zzzz R: 1   5 0000002b M: 0 0 00000000 00000000
SIMLOG:: Cycle          10 PC: 0000zzzz I: 0000zzzz R: 1   6 0000002b M: 0 0 00000000 00000000
SIMLOG:: Cycle          11 PC: 0000zzzz I: 0000zzzz R: 1   7 0000002b M: 0 0 00000000 00000000
SIMLOG:: Cycle          12 PC: 0000zzzz I: 0000zzzz R: 0   0 00000000 M: 1 0 00000000 00000000
SIMLOG:: Cycle          13 PC: 0000zzzz I: 0000zzzz R: 1   1 0000c000 M: 0 0 00000000 00000000
SIMLOG:: Cycle          14 PC: 0000zzzz I: 0000zzzz R: 0   0 00000000 M: 0 0 00000000 00000000
SIMLOG:: Cycle          15 PC: 0000zzzz I: 0000zzzz R: 0   0 00000000 M: 0 0 00000000 00000000
SIMLOG:: Cycle          16 PC: 0000zzzz I: 0000zzzz R: 0   0 00000000 M: 0 0 00000000 00000000
SIMLOG:: Cycle          17 PC: 0000zzzz I: 0000zzzz R: 0   0 00000000 M: 0 1 0000c000 0000002b
SIMLOG:: Cycle          18 PC: 0000zzzz I: 0000zzzz R: 0   5 0000c000 M: 0 0 00000000 00000000
SIMLOG:: Cycle          19 PC: 0000zzzz I: 0000zzzz R: 0   0 00000000 M: 0 0 00000000 00000000
SIMLOG:: Cycle          20 PC: 0000zzzz I: 0000zzzz R: 0   0 00000000 M: 0 0 00000000 00000000
SIMLOG:: Cycle          21 PC: 0000zzzz I: 0000zzzz R: 0   0 00000000 M: 0 0 00000000 00000000
SIMLOG:: Cycle          22 PC: 0000zzzz I: 0000zzzz R: 0   0 00000000 M: 1 0 00000002 0000c000
SIMLOG:: Cycle          23 PC: 0000zzzz I: 0000zzzz R: 1   1 0000c52b M: 0 0 00000000 00000000
SIMLOG:: Cycle          24 PC: 0000zzzz I: 0000zzzz R: 0   0 00000000 M: 0 0 00000000 00000000
SIMLOG:: Cycle          25 PC: 0000zzzz I: 0000zzzz R: 0   0 00000000 M: 0 0 00000000 00000000
SIMLOG:: Cycle          26 PC: 0000zzzz I: 0000zzzz R: 0   0 00000000 M: 0 0 00000000 00000000
SIMLOG:: Cycle          27 PC: 0000zzzz I: 0000zzzz R: 0   0 00000000 M: 0 1 0000c52c 0000002b
SIMLOG:: Cycle          28 PC: 0000zzzz I: 0000zzzz R: 0   6 0000c52c M: 0 0 00000000 00000000
SIMLOG:: Cycle          29 PC: 0000zzzz I: 0000zzzz R: 0   0 00000000 M: 0 0 00000000 00000000
SIMLOG:: Cycle          30 PC: 0000zzzz I: 0000zzzz R: 0   0 00000000 M: 0 0 00000000 00000000
SIMLOG:: Cycle          31 PC: 0000zzzz I: 0000zzzz R: 0   0 00000000 M: 0 0 00000000 00000000
SIMLOG:: Cycle          32 PC: 0000zzzz I: 0000zzzz R: 0   0 00000000 M: 1 0 00000004 0000c52b
SIMLOG:: Cycle          33 PC: 0000zzzz I: 0000zzzz R: 1   1 0000c62b M: 0 0 00000000 00000000
SIMLOG:: Cycle          34 PC: 0000zzzz I: 0000zzzz R: 0   0 00000000 M: 0 0 00000000 00000000
SIMLOG:: Cycle          35 PC: 0000zzzz I: 0000zzzz R: 0   0 00000000 M: 0 0 00000000 00000000
SIMLOG:: Cycle          36 PC: 0000zzzz I: 0000zzzz R: 0   0 00000000 M: 0 0 00000000 00000000
SIMLOG:: Cycle          37 PC: 0000zzzz I: 0000zzzz R: 0   0 00000000 M: 0 1 0000c62c 0000002b
SIMLOG:: Cycle          38 PC: 0000zzzz I: 0000zzzz R: 0   7 0000c62c M: 0 0 00000000 00000000
SIMLOG:: Cycle          39 PC: 0000zzzz I: 0000zzzz R: 0   0 00000000 M: 0 0 00000000 00000000
SIMLOG:: Cycle          40 PC: 0000zzzz I: 0000zzzz R: 0   0 00000000 M: 0 0 00000000 00000000
SIMLOG:: Cycle          41 PC: 0000zzzz I: 0000zzzz R: 0   0 00000000 M: 0 0 00000000 00000000
SIMLOG:: Cycle          42 PC: 0000zzzz I: 0000zzzz R: 0   0 00000000 M: 0 0 00000000 00000000
SIMLOG:: Cycle          43 PC: 0000zzzz I: 0000zzzz R: 0   7 00000000 M: 0 0 00000000 00000000
SIMLOG:: Processor halted

SIMLOG:: sim_cycles          43

SIMLOG:: inst_count          11

SIMLOG:: dcachehit_count           0

SIMLOG:: icachehit_count           0

SIMLOG:: dcachereq_count           0

SIMLOG:: icachereq_count           0

